{
  message: 'bad auth : Authentication failed.',
  level: 'error',
  timestamp: '2021-03-06T19:50:03.307Z'
}
{
  message: 'bad auth : Authentication failed.',
  level: 'error',
  timestamp: '2021-03-06T19:55:26.227Z'
}
{
  message: 'Mongo connection successfully!',
  level: 'info',
  timestamp: '2021-03-06T20:23:19.086Z'
}
{
  message: 'Mongo connection successfully!',
  level: 'info',
  timestamp: '2021-03-06T20:26:57.260Z'
}
{
  message: 'Mongo connection successfully!',
  level: 'info',
  timestamp: '2021-03-06T20:43:44.170Z'
}
{
  message: 'Mongo connection successfully!',
  level: 'info',
  timestamp: '2021-03-06T20:44:35.570Z'
}
{
  message: 'Mongo connection successfully!',
  level: 'info',
  timestamp: '2021-03-06T20:44:56.127Z'
}
{
  message: 'Mongo connection successfully!',
  level: 'info',
  timestamp: '2021-03-06T21:17:05.296Z'
}
{
  message: 'Mongo connection successfully!',
  level: 'info',
  timestamp: '2021-03-06T21:38:51.220Z'
}
{
  message: 'Mongo connection successfully!',
  level: 'info',
  timestamp: '2021-03-06T21:43:57.942Z'
}
{
  message: 'Mongo connection successfully!',
  level: 'info',
  timestamp: '2021-03-06T21:46:09.088Z'
}
{
  message: 'Mongo connection successfully!',
  level: 'info',
  timestamp: '2021-03-06T21:47:19.493Z'
}
{
  message: 'Mongo connection successfully!',
  level: 'info',
  timestamp: '2021-03-06T21:48:19.575Z'
}
{
  message: 'Mongo connection successfully!',
  level: 'info',
  timestamp: '2021-03-06T21:49:01.474Z'
}
{
  message: 'Mongo connection successfully!',
  level: 'info',
  timestamp: '2021-03-06T21:49:26.870Z'
}
{
  message: 'Mongo connection successfully!',
  level: 'info',
  timestamp: '2021-03-06T21:55:03.400Z'
}
{
  message: 'Mongo connection successfully!',
  level: 'info',
  timestamp: '2021-03-06T21:55:38.184Z'
}
{
  message: 'Mongo connection successfully!',
  level: 'info',
  timestamp: '2021-03-06T21:56:04.868Z'
}
{
  message: 'Mongo connection successfully!',
  level: 'info',
  timestamp: '2021-03-06T21:57:24.585Z'
}
{
  message: 'Mongo connection successfully!',
  level: 'info',
  timestamp: '2021-03-06T22:14:23.250Z'
}
{
  message: 'Mongo connection successfully!',
  level: 'info',
  timestamp: '2021-03-06T22:14:59.341Z'
}
{
  message: 'Mongo connection successfully!',
  level: 'info',
  timestamp: '2021-03-06T22:18:03.692Z'
}
{
  message: 'Mongo connection successfully!',
  level: 'info',
  timestamp: '2021-03-06T22:19:04.686Z'
}
{
  message: 'Mongo connection successfully!',
  level: 'info',
  timestamp: '2021-03-06T22:23:38.834Z'
}
{
  message: 'Mongo connection successfully!',
  level: 'info',
  timestamp: '2021-03-06T22:24:46.196Z'
}
{
  message: 'Mongo connection successfully!',
  level: 'info',
  timestamp: '2021-03-06T22:26:38.842Z'
}
{
  message: '\u001b[0mGET / \u001b[31m501\u001b[0m 6.920 ms - 15\u001b[0m',
  level: 'info',
  timestamp: '2021-03-07T00:52:53.763Z'
}
{
  message: '\u001b[0mGET /favicon.ico \u001b[32m204\u001b[0m 0.674 ms - -\u001b[0m',
  level: 'info',
  timestamp: '2021-03-07T00:52:54.065Z'
}
{
  level: 'error',
  message: 'Country.aggregate is not a function',
  timestamp: '2021-03-07T00:53:11.689Z'
}
{
  message: '\u001b[0mGET /countries \u001b[31m500\u001b[0m 4.295 ms - 109\u001b[0m',
  level: 'info',
  timestamp: '2021-03-07T00:53:11.691Z'
}
{
  message: '\u001b[0mGET /favicon.ico \u001b[32m204\u001b[0m 0.479 ms - -\u001b[0m',
  level: 'info',
  timestamp: '2021-03-07T00:53:11.925Z'
}
{
  message: 'Mongo connection successfully!',
  level: 'info',
  timestamp: '2021-03-07T00:56:25.055Z'
}
{
  message: 'Mongo connection successfully!',
  level: 'info',
  timestamp: '2021-03-07T00:58:09.205Z'
}
{
  message: 'Mongo connection successfully!',
  level: 'info',
  timestamp: '2021-03-07T00:58:34.895Z'
}
{
  message: 'Mongo connection successfully!',
  level: 'info',
  timestamp: '2021-03-07T00:59:31.329Z'
}
{
  message: 'Mongo connection successfully!',
  level: 'info',
  timestamp: '2021-03-07T01:02:37.860Z'
}
{
  message: '\u001b[0mGET /countries \u001b[32m200\u001b[0m 3.662 ms - 2\u001b[0m',
  level: 'info',
  timestamp: '2021-03-07T01:02:42.864Z'
}
{
  message: '\u001b[0mGET /favicon.ico \u001b[32m204\u001b[0m 0.520 ms - -\u001b[0m',
  level: 'info',
  timestamp: '2021-03-07T01:02:43.095Z'
}
{
  message: '\u001b[0mGET /countries \u001b[36m304\u001b[0m 1.111 ms - -\u001b[0m',
  level: 'info',
  timestamp: '2021-03-07T01:12:42.761Z'
}
{
  message: '\u001b[0mGET /favicon.ico \u001b[32m204\u001b[0m 0.431 ms - -\u001b[0m',
  level: 'info',
  timestamp: '2021-03-07T01:12:42.928Z'
}
{
  message: 'Mongo connection successfully!',
  level: 'info',
  timestamp: '2021-03-07T01:12:57.104Z'
}
{
  message: '\u001b[0mGET /countries \u001b[32m200\u001b[0m 70.427 ms - 805\u001b[0m',
  level: 'info',
  timestamp: '2021-03-07T01:13:01.409Z'
}
{
  message: '\u001b[0mGET /favicon.ico \u001b[32m204\u001b[0m 0.541 ms - -\u001b[0m',
  level: 'info',
  timestamp: '2021-03-07T01:13:01.609Z'
}
{
  message: 'Mongo connection successfully!',
  level: 'info',
  timestamp: '2021-03-08T13:02:53.976Z'
}
{
  message: 'Mongo connection successfully!',
  level: 'info',
  timestamp: '2021-03-08T15:03:05.309Z'
}
{
  message: 'Mongo connection successfully!',
  level: 'info',
  timestamp: '2021-03-08T15:08:55.021Z'
}
{
  message: 'Mongo connection successfully!',
  level: 'info',
  timestamp: '2021-03-08T15:13:12.746Z'
}
{
  message: 'Mongo connection successfully!',
  level: 'info',
  timestamp: '2021-03-08T15:18:37.027Z'
}
{
  message: 'Mongo connection successfully!',
  level: 'info',
  timestamp: '2021-03-08T15:20:48.472Z'
}
{
  message: 'Mongo connection successfully!',
  level: 'info',
  timestamp: '2021-03-08T15:22:08.529Z'
}
{
  message: 'Mongo connection successfully!',
  level: 'info',
  timestamp: '2021-03-10T21:14:52.754Z'
}
{
  message: 'Mongo connection successfully!',
  level: 'info',
  timestamp: '2021-03-10T21:32:11.583Z'
}
{
  message: 'Mongo connection successfully!',
  level: 'info',
  timestamp: '2021-03-10T21:34:42.182Z'
}
{
  message: 'Mongo connection successfully!',
  level: 'info',
  timestamp: '2021-03-10T21:35:06.476Z'
}
{
  message: 'Mongo connection successfully!',
  level: 'info',
  timestamp: '2021-03-10T21:41:35.622Z'
}
{
  message: 'Mongo connection successfully!',
  level: 'info',
  timestamp: '2021-03-10T22:00:21.001Z'
}
{
  message: '\u001b[0mGET / \u001b[31m501\u001b[0m 2.581 ms - 15\u001b[0m',
  level: 'info',
  timestamp: '2021-03-10T22:00:37.952Z'
}
{
  message: '\u001b[0mGET /favicon.ico \u001b[32m204\u001b[0m 0.465 ms - -\u001b[0m',
  level: 'info',
  timestamp: '2021-03-10T22:00:38.193Z'
}
{
  message: '\u001b[0mGET /users \u001b[31m501\u001b[0m 0.270 ms - 15\u001b[0m',
  level: 'info',
  timestamp: '2021-03-10T22:00:43.777Z'
}
{
  message: '\u001b[0mGET /favicon.ico \u001b[32m204\u001b[0m 0.293 ms - -\u001b[0m',
  level: 'info',
  timestamp: '2021-03-10T22:00:43.956Z'
}
{
  message: '\u001b[0mGET /users \u001b[31m501\u001b[0m 0.312 ms - 15\u001b[0m',
  level: 'info',
  timestamp: '2021-03-10T22:01:06.006Z'
}
{
  message: '\u001b[0mGET /favicon.ico \u001b[32m204\u001b[0m 0.270 ms - -\u001b[0m',
  level: 'info',
  timestamp: '2021-03-10T22:01:06.168Z'
}
{
  message: 'Mongo connection successfully!',
  level: 'info',
  timestamp: '2021-03-10T22:03:21.813Z'
}
{
  message: '\u001b[0mGET /users \u001b[31m501\u001b[0m 2.647 ms - 15\u001b[0m',
  level: 'info',
  timestamp: '2021-03-10T22:03:25.817Z'
}
{
  message: '\u001b[0mGET /favicon.ico \u001b[32m204\u001b[0m 0.502 ms - -\u001b[0m',
  level: 'info',
  timestamp: '2021-03-10T22:03:25.990Z'
}
{
  message: '\u001b[0mGET /users \u001b[31m501\u001b[0m 0.463 ms - 15\u001b[0m',
  level: 'info',
  timestamp: '2021-03-10T22:03:29.450Z'
}
{
  message: '\u001b[0mGET /favicon.ico \u001b[32m204\u001b[0m 0.258 ms - -\u001b[0m',
  level: 'info',
  timestamp: '2021-03-10T22:03:29.604Z'
}
{
  message: 'Mongo connection successfully!',
  level: 'info',
  timestamp: '2021-03-10T22:03:52.912Z'
}
{
  message: 'Mongo connection successfully!',
  level: 'info',
  timestamp: '2021-03-10T22:05:41.187Z'
}
{
  message: 'Mongo connection successfully!',
  level: 'info',
  timestamp: '2021-03-10T22:06:02.210Z'
}
{
  message: 'Mongo connection successfully!',
  level: 'info',
  timestamp: '2021-03-10T22:10:40.967Z'
}
{
  message: 'Mongo connection successfully!',
  level: 'info',
  timestamp: '2021-03-10T22:12:28.905Z'
}
{
  message: 'Mongo connection successfully!',
  level: 'info',
  timestamp: '2021-03-10T22:12:45.108Z'
}
{
  message: 'Mongo connection successfully!',
  level: 'info',
  timestamp: '2021-03-10T22:13:10.719Z'
}
{
  message: 'Mongo connection successfully!',
  level: 'info',
  timestamp: '2021-03-10T22:20:34.627Z'
}
{
  message: 'Mongo connection successfully!',
  level: 'info',
  timestamp: '2021-03-10T22:22:56.572Z'
}
{
  message: 'Mongo connection successfully!',
  level: 'info',
  timestamp: '2021-03-10T22:23:30.552Z'
}
{
  message: 'Mongo connection successfully!',
  level: 'info',
  timestamp: '2021-03-10T22:23:53.506Z'
}
{
  message: 'Mongo connection successfully!',
  level: 'info',
  timestamp: '2021-03-10T22:24:02.359Z'
}
{
  message: 'Mongo connection successfully!',
  level: 'info',
  timestamp: '2021-03-10T22:25:44.622Z'
}
{
  message: '\u001b[0mGET /users \u001b[32m200\u001b[0m 63.224 ms - 119\u001b[0m',
  level: 'info',
  timestamp: '2021-03-10T22:25:46.103Z'
}
{
  message: '\u001b[0mGET /favicon.ico \u001b[32m204\u001b[0m 0.517 ms - -\u001b[0m',
  level: 'info',
  timestamp: '2021-03-10T22:25:46.320Z'
}
{
  message: '\u001b[0mGET /users \u001b[36m304\u001b[0m 48.547 ms - -\u001b[0m',
  level: 'info',
  timestamp: '2021-03-10T22:42:28.047Z'
}
{
  message: '\u001b[0mGET /favicon.ico \u001b[32m204\u001b[0m 0.401 ms - -\u001b[0m',
  level: 'info',
  timestamp: '2021-03-10T22:42:28.234Z'
}
{
  message: '\u001b[0mGET /users \u001b[36m304\u001b[0m 61.558 ms - -\u001b[0m',
  level: 'info',
  timestamp: '2021-03-10T22:42:29.951Z'
}
{
  message: '\u001b[0mGET /favicon.ico \u001b[32m204\u001b[0m 0.386 ms - -\u001b[0m',
  level: 'info',
  timestamp: '2021-03-10T22:42:30.130Z'
}
{
  message: '\u001b[0mGET /users?email=test@test.com \u001b[32m200\u001b[0m 46.911 ms - 119\u001b[0m',
  level: 'info',
  timestamp: '2021-03-10T22:50:19.705Z'
}
{
  message: '\u001b[0mGET /favicon.ico \u001b[32m204\u001b[0m 0.575 ms - -\u001b[0m',
  level: 'info',
  timestamp: '2021-03-10T22:50:19.914Z'
}
{
  message: 'Mongo connection successfully!',
  level: 'info',
  timestamp: '2021-03-10T22:52:14.751Z'
}
{
  message: 'Mongo connection successfully!',
  level: 'info',
  timestamp: '2021-03-10T22:53:08.869Z'
}
{
  message: 'Mongo connection successfully!',
  level: 'info',
  timestamp: '2021-03-10T22:54:45.730Z'
}
{
  message: 'Mongo connection successfully!',
  level: 'info',
  timestamp: '2021-03-10T22:57:13.213Z'
}
{
  message: 'Mongo connection successfully!',
  level: 'info',
  timestamp: '2021-03-10T22:57:43.538Z'
}
{
  message: 'Mongo connection successfully!',
  level: 'info',
  timestamp: '2021-03-10T22:59:20.150Z'
}
{
  message: 'Mongo connection successfully!',
  level: 'info',
  timestamp: '2021-03-10T22:59:37.972Z'
}
{
  message: 'Mongo connection successfully!',
  level: 'info',
  timestamp: '2021-03-10T22:59:59.779Z'
}
{
  message: 'Mongo connection successfully!',
  level: 'info',
  timestamp: '2021-03-10T23:00:43.936Z'
}
{
  message: 'Mongo connection successfully!',
  level: 'info',
  timestamp: '2021-03-10T23:01:10.040Z'
}
{
  message: 'Mongo connection successfully!',
  level: 'info',
  timestamp: '2021-03-10T23:01:30.162Z'
}
{
  message: 'Mongo connection successfully!',
  level: 'info',
  timestamp: '2021-03-10T23:02:03.086Z'
}
{
  message: '\u001b[0mGET /users \u001b[36m304\u001b[0m 578.291 ms - -\u001b[0m',
  level: 'info',
  timestamp: '2021-03-10T23:02:03.204Z'
}
{
  message: '\u001b[0mGET /favicon.ico \u001b[32m204\u001b[0m 0.569 ms - -\u001b[0m',
  level: 'info',
  timestamp: '2021-03-10T23:02:03.475Z'
}
{
  message: 'Mongo connection successfully!',
  level: 'info',
  timestamp: '2021-03-10T23:02:51.439Z'
}
{
  message: 'Mongo connection successfully!',
  level: 'info',
  timestamp: '2021-03-10T23:04:09.154Z'
}
{
  message: '\u001b[0mGET /users/test@test.com \u001b[32m200\u001b[0m 66.182 ms - 58\u001b[0m',
  level: 'info',
  timestamp: '2021-03-10T23:04:13.406Z'
}
{
  message: '\u001b[0mGET /favicon.ico \u001b[32m204\u001b[0m 0.861 ms - -\u001b[0m',
  level: 'info',
  timestamp: '2021-03-10T23:04:13.664Z'
}
{
  message: 'Mongo connection successfully!',
  level: 'info',
  timestamp: '2021-03-10T23:59:06.032Z'
}
{
  message: '\u001b[0mGET /users/test@test.com \u001b[32m200\u001b[0m 64.710 ms - 58\u001b[0m',
  level: 'info',
  timestamp: '2021-03-10T23:59:10.628Z'
}
{
  message: '\u001b[0mGET /favicon.ico \u001b[32m204\u001b[0m 0.610 ms - -\u001b[0m',
  level: 'info',
  timestamp: '2021-03-10T23:59:10.848Z'
}
{
  message: '\u001b[0mGET /users \u001b[32m200\u001b[0m 53.107 ms - 119\u001b[0m',
  level: 'info',
  timestamp: '2021-03-10T23:59:13.946Z'
}
{
  message: '\u001b[0mGET /favicon.ico \u001b[32m204\u001b[0m 0.422 ms - -\u001b[0m',
  level: 'info',
  timestamp: '2021-03-10T23:59:14.100Z'
}
{
  message: '\u001b[0mGET /users \u001b[32m200\u001b[0m 63.802 ms - 119\u001b[0m',
  level: 'info',
  timestamp: '2021-03-11T03:04:30.592Z'
}
{
  message: '\u001b[0mGET /favicon.ico \u001b[32m204\u001b[0m 0.539 ms - -\u001b[0m',
  level: 'info',
  timestamp: '2021-03-11T03:04:30.748Z'
}
{
  message: 'Mongo connection successfully!',
  level: 'info',
  timestamp: '2021-03-11T03:16:55.849Z'
}
